{"F:\\Projects\\reactdev\\02-first-steps\\src\\App.tsx": {"path":"F:\\Projects\\reactdev\\02-first-steps\\src\\App.tsx","all":true,"statementMap":{"1":{"start":{"line":2,"column":0},"end":{"line":2,"column":18}},"3":{"start":{"line":4,"column":0},"end":{"line":4,"column":16}},"4":{"start":{"line":5,"column":0},"end":{"line":5,"column":10}},"5":{"start":{"line":6,"column":0},"end":{"line":6,"column":6}},"6":{"start":{"line":7,"column":0},"end":{"line":7,"column":28}},"7":{"start":{"line":8,"column":0},"end":{"line":8,"column":24}},"10":{"start":{"line":11,"column":0},"end":{"line":11,"column":1}},"12":{"start":{"line":13,"column":0},"end":{"line":13,"column":18}}},"s":{"1":0,"3":0,"4":0,"5":0,"6":0,"7":0,"10":0,"12":0},"branchMap":{"0":{"type":"branch","line":1,"loc":{"start":{"line":1,"column":143},"end":{"line":13,"column":18}},"locations":[{"start":{"line":1,"column":143},"end":{"line":13,"column":18}}]}},"b":{"0":[1]},"fnMap":{"0":{"name":"(empty-report)","decl":{"start":{"line":1,"column":143},"end":{"line":13,"column":18}},"loc":{"start":{"line":1,"column":143},"end":{"line":13,"column":18}},"line":1}},"f":{"0":1}}
,"F:\\Projects\\reactdev\\02-first-steps\\src\\FirstStepsApp.tsx": {"path":"F:\\Projects\\reactdev\\02-first-steps\\src\\FirstStepsApp.tsx","all":false,"statementMap":{"0":{"start":{"line":1,"column":0},"end":{"line":1,"column":62}},"7":{"start":{"line":8,"column":0},"end":{"line":8,"column":35}},"8":{"start":{"line":9,"column":0},"end":{"line":9,"column":44}},"9":{"start":{"line":10,"column":0},"end":{"line":10,"column":45}},"10":{"start":{"line":11,"column":0},"end":{"line":11,"column":46}},"11":{"start":{"line":12,"column":0},"end":{"line":12,"column":1}},"13":{"start":{"line":14,"column":0},"end":{"line":14,"column":33}},"15":{"start":{"line":16,"column":0},"end":{"line":16,"column":12}},"16":{"start":{"line":17,"column":0},"end":{"line":17,"column":10}},"17":{"start":{"line":18,"column":0},"end":{"line":18,"column":31}},"20":{"start":{"line":21,"column":0},"end":{"line":21,"column":67}},"21":{"start":{"line":22,"column":0},"end":{"line":22,"column":102}},"38":{"start":{"line":39,"column":0},"end":{"line":39,"column":1}}},"s":{"0":1,"7":1,"8":1,"9":1,"10":1,"11":1,"13":1,"15":3,"16":3,"17":3,"20":3,"21":3,"38":3},"branchMap":{"0":{"type":"branch","line":14,"loc":{"start":{"line":14,"column":7},"end":{"line":39,"column":1}},"locations":[{"start":{"line":14,"column":7},"end":{"line":39,"column":1}}]}},"b":{"0":[3]},"fnMap":{"0":{"name":"FirstStepsApp","decl":{"start":{"line":14,"column":7},"end":{"line":39,"column":1}},"loc":{"start":{"line":14,"column":7},"end":{"line":39,"column":1}},"line":14}},"f":{"0":3}}
,"F:\\Projects\\reactdev\\02-first-steps\\src\\MyAwesomeApp.tsx": {"path":"F:\\Projects\\reactdev\\02-first-steps\\src\\MyAwesomeApp.tsx","all":false,"statementMap":{"2":{"start":{"line":3,"column":0},"end":{"line":3,"column":26}},"3":{"start":{"line":4,"column":0},"end":{"line":4,"column":28}},"5":{"start":{"line":6,"column":0},"end":{"line":6,"column":57}},"6":{"start":{"line":7,"column":0},"end":{"line":7,"column":23}},"8":{"start":{"line":9,"column":0},"end":{"line":9,"column":17}},"9":{"start":{"line":10,"column":0},"end":{"line":10,"column":23}},"10":{"start":{"line":11,"column":0},"end":{"line":11,"column":21}},"11":{"start":{"line":12,"column":0},"end":{"line":12,"column":1}},"13":{"start":{"line":14,"column":0},"end":{"line":14,"column":33}},"14":{"start":{"line":15,"column":0},"end":{"line":15,"column":29}},"15":{"start":{"line":16,"column":0},"end":{"line":16,"column":21}},"16":{"start":{"line":17,"column":0},"end":{"line":17,"column":16}},"17":{"start":{"line":18,"column":0},"end":{"line":18,"column":18}},"18":{"start":{"line":19,"column":0},"end":{"line":19,"column":1}},"20":{"start":{"line":21,"column":0},"end":{"line":21,"column":35}},"22":{"start":{"line":23,"column":0},"end":{"line":23,"column":12}},"23":{"start":{"line":24,"column":0},"end":{"line":24,"column":13}},"24":{"start":{"line":25,"column":0},"end":{"line":25,"column":65}},"25":{"start":{"line":26,"column":0},"end":{"line":26,"column":33}},"27":{"start":{"line":28,"column":0},"end":{"line":28,"column":77}},"29":{"start":{"line":30,"column":0},"end":{"line":30,"column":59}},"31":{"start":{"line":32,"column":0},"end":{"line":32,"column":14}},"32":{"start":{"line":33,"column":0},"end":{"line":33,"column":34}},"33":{"start":{"line":34,"column":0},"end":{"line":34,"column":42}},"36":{"start":{"line":37,"column":0},"end":{"line":37,"column":2}},"39":{"start":{"line":40,"column":0},"end":{"line":40,"column":35}},"41":{"start":{"line":42,"column":0},"end":{"line":42,"column":15}},"42":{"start":{"line":43,"column":0},"end":{"line":43,"column":13}},"43":{"start":{"line":44,"column":0},"end":{"line":44,"column":29}},"45":{"start":{"line":46,"column":0},"end":{"line":46,"column":32}},"46":{"start":{"line":47,"column":0},"end":{"line":47,"column":14}},"47":{"start":{"line":48,"column":0},"end":{"line":48,"column":8}},"48":{"start":{"line":49,"column":0},"end":{"line":49,"column":4}}},"s":{"2":1,"3":1,"5":1,"6":1,"8":1,"9":1,"10":1,"11":1,"13":1,"14":1,"15":1,"16":1,"17":1,"18":1,"20":1,"22":3,"23":3,"24":3,"25":3,"27":3,"29":3,"31":3,"32":3,"33":3,"36":3,"39":1,"41":1,"42":1,"43":1,"45":1,"46":1,"47":1,"48":1},"branchMap":{"0":{"type":"branch","line":21,"loc":{"start":{"line":21,"column":28},"end":{"line":37,"column":2}},"locations":[{"start":{"line":21,"column":28},"end":{"line":37,"column":2}}]},"1":{"type":"branch","line":30,"loc":{"start":{"line":30,"column":19},"end":{"line":30,"column":41}},"locations":[{"start":{"line":30,"column":19},"end":{"line":30,"column":41}}]}},"b":{"0":[3],"1":[0]},"fnMap":{"0":{"name":"MyAwesomeApp","decl":{"start":{"line":21,"column":28},"end":{"line":37,"column":2}},"loc":{"start":{"line":21,"column":28},"end":{"line":37,"column":2}},"line":21}},"f":{"0":3}}
,"F:\\Projects\\reactdev\\02-first-steps\\src\\main.tsx": {"path":"F:\\Projects\\reactdev\\02-first-steps\\src\\main.tsx","all":true,"statementMap":{"0":{"start":{"line":1,"column":0},"end":{"line":1,"column":34}},"1":{"start":{"line":2,"column":0},"end":{"line":2,"column":45}},"3":{"start":{"line":4,"column":0},"end":{"line":4,"column":51}},"4":{"start":{"line":5,"column":0},"end":{"line":5,"column":51}},"6":{"start":{"line":7,"column":0},"end":{"line":7,"column":52}},"7":{"start":{"line":8,"column":0},"end":{"line":8,"column":14}},"8":{"start":{"line":9,"column":0},"end":{"line":9,"column":21}}},"s":{"0":0,"1":0,"3":0,"4":0,"6":0,"7":0,"8":0},"branchMap":{"0":{"type":"branch","line":1,"loc":{"start":{"line":1,"column":325},"end":{"line":13,"column":1}},"locations":[{"start":{"line":1,"column":325},"end":{"line":13,"column":1}}]}},"b":{"0":[0]},"fnMap":{"0":{"name":"(empty-report)","decl":{"start":{"line":1,"column":325},"end":{"line":13,"column":1}},"loc":{"start":{"line":1,"column":325},"end":{"line":13,"column":1}},"line":1}},"f":{"0":0}}
,"F:\\Projects\\reactdev\\02-first-steps\\src\\helpers\\math.helper.ts": {"path":"F:\\Projects\\reactdev\\02-first-steps\\src\\helpers\\math.helper.ts","all":false,"statementMap":{"4":{"start":{"line":5,"column":0},"end":{"line":5,"column":46}},"5":{"start":{"line":6,"column":0},"end":{"line":6,"column":17}},"6":{"start":{"line":7,"column":0},"end":{"line":7,"column":1}},"8":{"start":{"line":9,"column":0},"end":{"line":9,"column":51}},"9":{"start":{"line":10,"column":0},"end":{"line":10,"column":17}},"10":{"start":{"line":11,"column":0},"end":{"line":11,"column":1}},"12":{"start":{"line":13,"column":0},"end":{"line":13,"column":51}},"13":{"start":{"line":14,"column":0},"end":{"line":14,"column":17}},"14":{"start":{"line":15,"column":0},"end":{"line":15,"column":1}},"16":{"start":{"line":17,"column":0},"end":{"line":17,"column":49}},"17":{"start":{"line":18,"column":0},"end":{"line":18,"column":17}},"18":{"start":{"line":19,"column":0},"end":{"line":19,"column":1}}},"s":{"4":1,"5":1,"6":1,"8":1,"9":1,"10":1,"12":1,"13":1,"14":1,"16":1,"17":1,"18":1},"branchMap":{"0":{"type":"branch","line":5,"loc":{"start":{"line":5,"column":19},"end":{"line":7,"column":1}},"locations":[{"start":{"line":5,"column":19},"end":{"line":7,"column":1}}]},"1":{"type":"branch","line":9,"loc":{"start":{"line":9,"column":24},"end":{"line":11,"column":1}},"locations":[{"start":{"line":9,"column":24},"end":{"line":11,"column":1}}]},"2":{"type":"branch","line":13,"loc":{"start":{"line":13,"column":24},"end":{"line":15,"column":1}},"locations":[{"start":{"line":13,"column":24},"end":{"line":15,"column":1}}]},"3":{"type":"branch","line":17,"loc":{"start":{"line":17,"column":22},"end":{"line":19,"column":1}},"locations":[{"start":{"line":17,"column":22},"end":{"line":19,"column":1}}]}},"b":{"0":[1],"1":[1],"2":[1],"3":[1]},"fnMap":{"0":{"name":"add","decl":{"start":{"line":5,"column":19},"end":{"line":7,"column":1}},"loc":{"start":{"line":5,"column":19},"end":{"line":7,"column":1}},"line":5},"1":{"name":"subtract","decl":{"start":{"line":9,"column":24},"end":{"line":11,"column":1}},"loc":{"start":{"line":9,"column":24},"end":{"line":11,"column":1}},"line":9},"2":{"name":"multiply","decl":{"start":{"line":13,"column":24},"end":{"line":15,"column":1}},"loc":{"start":{"line":13,"column":24},"end":{"line":15,"column":1}},"line":13},"3":{"name":"divide","decl":{"start":{"line":17,"column":22},"end":{"line":19,"column":1}},"loc":{"start":{"line":17,"column":22},"end":{"line":19,"column":1}},"line":17}},"f":{"0":1,"1":1,"2":1,"3":1}}
,"F:\\Projects\\reactdev\\02-first-steps\\src\\shopping-cart.tsx\\ItemCounter.tsx": {"path":"F:\\Projects\\reactdev\\02-first-steps\\src\\shopping-cart.tsx\\ItemCounter.tsx","all":false,"statementMap":{"0":{"start":{"line":1,"column":0},"end":{"line":1,"column":33}},"4":{"start":{"line":5,"column":0},"end":{"line":5,"column":26}},"12":{"start":{"line":13,"column":0},"end":{"line":13,"column":70}},"13":{"start":{"line":14,"column":0},"end":{"line":14,"column":47}},"15":{"start":{"line":16,"column":0},"end":{"line":16,"column":27}},"16":{"start":{"line":17,"column":0},"end":{"line":17,"column":47}},"17":{"start":{"line":18,"column":0},"end":{"line":18,"column":24}},"18":{"start":{"line":19,"column":0},"end":{"line":19,"column":4}},"19":{"start":{"line":20,"column":0},"end":{"line":20,"column":32}},"20":{"start":{"line":21,"column":0},"end":{"line":21,"column":28}},"21":{"start":{"line":22,"column":0},"end":{"line":22,"column":24}},"22":{"start":{"line":23,"column":0},"end":{"line":23,"column":4}},"24":{"start":{"line":25,"column":0},"end":{"line":25,"column":29}},"25":{"start":{"line":26,"column":0},"end":{"line":26,"column":16}},"26":{"start":{"line":27,"column":0},"end":{"line":27,"column":4}},"28":{"start":{"line":29,"column":0},"end":{"line":29,"column":10}},"29":{"start":{"line":30,"column":0},"end":{"line":30,"column":12}},"30":{"start":{"line":31,"column":0},"end":{"line":31,"column":26}},"38":{"start":{"line":39,"column":0},"end":{"line":39,"column":11}},"39":{"start":{"line":40,"column":0},"end":{"line":40,"column":29}},"40":{"start":{"line":41,"column":0},"end":{"line":41,"column":26}},"41":{"start":{"line":42,"column":0},"end":{"line":42,"column":47}},"42":{"start":{"line":43,"column":0},"end":{"line":43,"column":10}},"44":{"start":{"line":45,"column":0},"end":{"line":45,"column":21}},"46":{"start":{"line":47,"column":0},"end":{"line":47,"column":45}},"47":{"start":{"line":48,"column":0},"end":{"line":48,"column":26}},"48":{"start":{"line":49,"column":0},"end":{"line":49,"column":81}},"49":{"start":{"line":50,"column":0},"end":{"line":50,"column":50}},"52":{"start":{"line":53,"column":0},"end":{"line":53,"column":2}}},"s":{"0":1,"4":1,"12":1,"13":9,"15":9,"16":1,"17":1,"18":1,"19":9,"20":2,"21":1,"22":1,"24":9,"25":0,"26":0,"28":9,"29":9,"30":9,"38":9,"39":9,"40":9,"41":9,"42":9,"44":9,"46":9,"47":9,"48":9,"49":9,"52":9},"branchMap":{"0":{"type":"branch","line":13,"loc":{"start":{"line":13,"column":27},"end":{"line":53,"column":2}},"locations":[{"start":{"line":13,"column":27},"end":{"line":53,"column":2}}]},"1":{"type":"branch","line":42,"loc":{"start":{"line":42,"column":27},"end":{"line":42,"column":39}},"locations":[{"start":{"line":42,"column":27},"end":{"line":42,"column":39}}]},"2":{"type":"branch","line":42,"loc":{"start":{"line":42,"column":31},"end":{"line":42,"column":47}},"locations":[{"start":{"line":42,"column":31},"end":{"line":42,"column":47}}]},"3":{"type":"branch","line":16,"loc":{"start":{"line":16,"column":20},"end":{"line":19,"column":4}},"locations":[{"start":{"line":16,"column":20},"end":{"line":19,"column":4}}]},"4":{"type":"branch","line":20,"loc":{"start":{"line":20,"column":25},"end":{"line":23,"column":4}},"locations":[{"start":{"line":20,"column":25},"end":{"line":23,"column":4}}]},"5":{"type":"branch","line":21,"loc":{"start":{"line":21,"column":21},"end":{"line":23,"column":4}},"locations":[{"start":{"line":21,"column":21},"end":{"line":23,"column":4}}]}},"b":{"0":[9],"1":[4],"2":[5],"3":[1],"4":[2],"5":[1]},"fnMap":{"0":{"name":"ItemCounter","decl":{"start":{"line":13,"column":27},"end":{"line":53,"column":2}},"loc":{"start":{"line":13,"column":27},"end":{"line":53,"column":2}},"line":13},"1":{"name":"handleAdd","decl":{"start":{"line":16,"column":20},"end":{"line":19,"column":4}},"loc":{"start":{"line":16,"column":20},"end":{"line":19,"column":4}},"line":16},"2":{"name":"handleSubtract","decl":{"start":{"line":20,"column":25},"end":{"line":23,"column":4}},"loc":{"start":{"line":20,"column":25},"end":{"line":23,"column":4}},"line":20},"3":{"name":"handleReset","decl":{"start":{"line":25,"column":22},"end":{"line":27,"column":4}},"loc":{"start":{"line":25,"column":22},"end":{"line":27,"column":4}},"line":25}},"f":{"0":9,"1":1,"2":2,"3":0}}
}
